20241014	15:59:36	331a5919-2869-47a7-a73c-5e5253635edc	GET	/	undefined
20241014	15:59:36	3b89fddf-f054-4001-b52e-32e4f17a4966	GET	/css/style.css	undefined
20241014	15:59:36	e25c200e-4760-4857-86d6-cc6fe5fed98e	GET	/favicon.ico	undefined
20241014	16:01:07	3e65e3bd-813d-4411-a7f3-a5900bd190f6	GET	/	undefined
20241014	16:01:07	07587fff-54d7-4fdf-b1fe-62d73c1476b1	GET	/css/style.css	undefined
20241014	16:02:38	608c6a1a-686c-4719-9e41-be98960047b0	GET	/	undefined
20241014	16:02:38	14b6b2c7-2517-4322-8c86-ab96932dae20	GET	/css/style.css	undefined
20241014	16:02:39	a3e95157-eed6-49ac-8e5f-bb977d69bec7	GET	/	undefined
20241014	16:02:39	04d2e431-e828-4335-8542-5970c9eff011	GET	/css/style.css	undefined
20241014	16:02:40	383938db-7527-457c-a5a1-a939b0187a60	GET	/	undefined
20241014	16:02:40	79303ae7-e762-47a1-9b4c-4970a3de9662	GET	/css/style.css	undefined
20241014	16:02:54	3c3c24c5-4b4f-4218-b72d-c9868d3eb59e	GET	/	undefined
20241014	16:02:54	ea19dcad-302a-40f6-890f-331863d75bf1	GET	/css/style.css	undefined
20241014	16:10:12	c22e1c3d-ddbc-4beb-80e0-92714cefb3ac	GET	/	undefined
20241014	16:10:12	72c87dc3-7072-4361-9834-75cb84ac40e8	GET	/css/style.css	undefined
20241014	16:10:28	f6d58e20-7da4-4a87-be4b-babc64d58e11	GET	/	undefined
20241014	16:10:28	69d2fd3c-28c3-4ce0-a68f-ae9ddae71fa2	GET	/css/style.css	undefined
20241014	16:10:39	3ba7582e-dcaf-470f-916a-3b737589ebd6	GET	/	undefined
20241014	16:10:39	40c58410-80a8-4668-9f48-de83ae8de814	GET	/css/style.css	undefined
20241014	17:17:57	195a5f4c-b0bf-45d4-96ee-6200500fa548	GET	/	undefined
20241014	17:17:57	c407d6aa-2cf5-4c85-9ee2-e8909754c6b4	GET	/css/style.css	undefined
20241014	17:17:58	2e97a737-7f4a-4795-bc24-6d26e968e946	GET	/favicon.ico	undefined
